<?xml version="1.0" encoding="UTF-8"?>
<testng-results skipped="0" failed="0" ignored="0" total="2" passed="2">
  <reporter-output>
  </reporter-output>
  <suite name="Default suite" duration-ms="21054" started-at="2020-03-28T05:40:43Z" finished-at="2020-03-28T05:41:04Z">
    <groups>
    </groups>
    <test name="Default test" duration-ms="21054" started-at="2020-03-28T05:40:43Z" finished-at="2020-03-28T05:41:04Z">
      <class name="com.ETLhive.www.SeleniumText.demoFrame1">
        <test-method status="PASS" signature="f3(java.lang.String, java.lang.String)[pri:0, instance:com.ETLhive.www.SeleniumText.demoFrame1@20e2cbe0]" name="f3" duration-ms="12288" started-at="2020-03-28T05:40:43Z" data-provider="testData" finished-at="2020-03-28T05:40:56Z">
          <params>
            <param index="0">
              <value>
                <![CDATA[http://the-internet.herokuapp.com/iframe]]>
              </value>
            </param>
            <param index="1">
              <value>
                <![CDATA[iframe test]]>
              </value>
            </param>
          </params>
          <reporter-output>
          </reporter-output>
        </test-method> <!-- f3 -->
        <test-method status="PASS" signature="f3(java.lang.String, java.lang.String)[pri:0, instance:com.ETLhive.www.SeleniumText.demoFrame1@20e2cbe0]" name="f3" duration-ms="8724" started-at="2020-03-28T05:40:56Z" data-provider="testData" finished-at="2020-03-28T05:41:04Z">
          <params>
            <param index="0">
              <value>
                <![CDATA[http://the-internet.herokuapp.com/iframe]]>
              </value>
            </param>
            <param index="1">
              <value>
                <![CDATA[test data test test]]>
              </value>
            </param>
          </params>
          <reporter-output>
          </reporter-output>
        </test-method> <!-- f3 -->
      </class> <!-- com.ETLhive.www.SeleniumText.demoFrame1 -->
    </test> <!-- Default test -->
  </suite> <!-- Default suite -->
</testng-results>
